>> Writing PID to thin.4867.pid
>> Exiting!
/opt/local/lib/ruby/gems/1.8/gems/thin-1.2.2/lib/thin/controllers/controller.rb:175:in `read': No such file or directory - idea_share.ru (Errno::ENOENT)
	from /opt/local/lib/ruby/gems/1.8/gems/thin-1.2.2/lib/thin/controllers/controller.rb:175:in `load_rackup_config'
	from /opt/local/lib/ruby/gems/1.8/gems/thin-1.2.2/lib/thin/controllers/controller.rb:65:in `start'
	from /opt/local/lib/ruby/gems/1.8/gems/thin-1.2.2/lib/thin/runner.rb:174:in `send'
	from /opt/local/lib/ruby/gems/1.8/gems/thin-1.2.2/lib/thin/runner.rb:174:in `run_command'
	from /opt/local/lib/ruby/gems/1.8/gems/thin-1.2.2/lib/thin/runner.rb:140:in `run!'
	from /opt/local/lib/ruby/gems/1.8/gems/thin-1.2.2/bin/thin:6
	from /opt/local/bin/thin:19:in `load'
	from /opt/local/bin/thin:19
>> Writing PID to thin.4867.pid
>> Exiting!
uki.ru:5: uninitialized constant Uki (NameError)
	from /opt/local/lib/ruby/gems/1.8/gems/rack-1.0.0/lib/rack/builder.rb:29:in `instance_eval'
	from /opt/local/lib/ruby/gems/1.8/gems/rack-1.0.0/lib/rack/builder.rb:29:in `initialize'
	from uki.ru:1:in `new'
	from uki.ru:1
>> Writing PID to thin.4867.pid
>> Thin web server (v1.2.2 codename I Find Your Lack of Sauce Disturbing)
>> Maximum connections set to 1024
>> Listening on 127.0.0.1:4867, CTRL+C to stop
Rack::Reloader: reloaded `/Users/voloko/code/uki/uki.rb'
Rack::Reloader: reloaded `/Users/voloko/code/uki/uki.rb'
Rack::Reloader: reloaded `/Users/voloko/code/uki/uki.rb'
Rack::Reloader: reloaded `/Users/voloko/code/uki/uki.rb'
Rack::Reloader: reloaded `/Users/voloko/code/uki/uki.rb'
Rack::Reloader: reloaded `/Users/voloko/code/uki/uki.rb'
Rack::Reloader: reloaded `/Users/voloko/code/uki/uki.rb'
Rack::Reloader: reloaded `/Users/voloko/code/uki/uki.rb'
>> Exiting!
>> Writing PID to thin.4867.pid
>> Thin web server (v1.2.2 codename I Find Your Lack of Sauce Disturbing)
>> Maximum connections set to 1024
>> Listening on 127.0.0.1:4867, CTRL+C to stop
Rack::Reloader: reloaded `/Users/voloko/code/uki/uki.rb'
Rack::Reloader: reloaded `/Users/voloko/code/uki/uki.rb'
Rack::Reloader: reloaded `/Users/voloko/code/uki/uki.rb'
Rack::Reloader: reloaded `/Users/voloko/code/uki/uki.rb'
Rack::Reloader: reloaded `/Users/voloko/code/uki/uki.rb'
Rack::Reloader: reloaded `/Users/voloko/code/uki/uki.rb'
Rack::Reloader: reloaded `/Users/voloko/code/uki/uki.rb'
>> Waiting for 1 connection(s) to finish, can take up to 30 sec, CTRL+C to stop now
>> Writing PID to thin.4867.pid
>> Thin web server (v1.2.2 codename I Find Your Lack of Sauce Disturbing)
>> Maximum connections set to 1024
>> Listening on 127.0.0.1:4867, CTRL+C to stop
Rack::Reloader: reloaded `/Users/voloko/code/uki/uki.rb'
>> Waiting for 1 connection(s) to finish, can take up to 30 sec, CTRL+C to stop now
>> Writing PID to thin.4867.pid
>> Thin web server (v1.2.2 codename I Find Your Lack of Sauce Disturbing)
>> Maximum connections set to 1024
>> Listening on 127.0.0.1:4867, CTRL+C to stop
!! Unexpected error while processing request: No such file or directory - /sdasl.js
!! Unexpected error while processing request: No such file or directory - /sdasl.js
!! Unexpected error while processing request: No such file or directory - /sdasl.js
!! Unexpected error while processing request: No such file or directory - /app/uki/component.js
!! Unexpected error while processing request: No such file or directory - /app/uki/component.js
>> Exiting!
>> Writing PID to thin.4867.pid
>> Thin web server (v1.2.2 codename I Find Your Lack of Sauce Disturbing)
>> Maximum connections set to 1024
>> Listening on 127.0.0.1:4867, CTRL+C to stop
!! Unexpected error while processing request: can't convert Fixnum into String
>> Exiting!
>> Writing PID to thin.4867.pid
>> Thin web server (v1.2.2 codename I Find Your Lack of Sauce Disturbing)
>> Maximum connections set to 1024
>> Listening on 127.0.0.1:4867, CTRL+C to stop
Rack::Reloader: reloaded `/Users/voloko/code/uki/uki.rb'
>> Waiting for 1 connection(s) to finish, can take up to 30 sec, CTRL+C to stop now
>> Writing PID to thin.4867.pid
>> Thin web server (v1.2.2 codename I Find Your Lack of Sauce Disturbing)
>> Maximum connections set to 1024
>> Listening on 127.0.0.1:4867, CTRL+C to stop
>> Exiting!
>> Writing PID to thin.4867.pid
>> Thin web server (v1.2.2 codename I Find Your Lack of Sauce Disturbing)
>> Maximum connections set to 1024
>> Listening on 127.0.0.1:4867, CTRL+C to stop
>> Exiting!
>> Writing PID to thin.4867.pid
>> Thin web server (v1.2.2 codename I Find Your Lack of Sauce Disturbing)
>> Maximum connections set to 1024
>> Listening on 127.0.0.1:4867, CTRL+C to stop
>> Waiting for 1 connection(s) to finish, can take up to 30 sec, CTRL+C to stop now
>> Writing PID to thin.4867.pid
>> Thin web server (v1.2.2 codename I Find Your Lack of Sauce Disturbing)
>> Maximum connections set to 1024
>> Listening on 127.0.0.1:4867, CTRL+C to stop
Rack::Reloader: reloaded `/Users/voloko/code/uki/uki.rb'
>> Waiting for 1 connection(s) to finish, can take up to 30 sec, CTRL+C to stop now
>> Writing PID to thin.4867.pid
>> Thin web server (v1.2.2 codename I Find Your Lack of Sauce Disturbing)
>> Maximum connections set to 1024
>> Listening on 127.0.0.1:4867, CTRL+C to stop
>> Waiting for 1 connection(s) to finish, can take up to 30 sec, CTRL+C to stop now
>> Writing PID to thin.4867.pid
>> Thin web server (v1.2.2 codename I Find Your Lack of Sauce Disturbing)
>> Maximum connections set to 1024
>> Listening on 127.0.0.1:4867, CTRL+C to stop
>> Exiting!
>> Writing PID to thin.4867.pid
>> Thin web server (v1.2.2 codename I Find Your Lack of Sauce Disturbing)
>> Maximum connections set to 1024
>> Listening on 127.0.0.1:4867, CTRL+C to stop
Rack::Reloader: reloaded `/Users/voloko/code/uki/uki.rb'
Rack::Reloader: reloaded `/Users/voloko/code/uki/uki.rb'
>> Waiting for 1 connection(s) to finish, can take up to 30 sec, CTRL+C to stop now
>> Writing PID to thin.4867.pid
>> Thin web server (v1.2.2 codename I Find Your Lack of Sauce Disturbing)
>> Maximum connections set to 1024
>> Listening on 127.0.0.1:4867, CTRL+C to stop
>> Stopping ...
>> Exiting!
>> Writing PID to thin.4867.pid
>> Thin web server (v1.2.2 codename I Find Your Lack of Sauce Disturbing)
>> Maximum connections set to 1024
>> Listening on 127.0.0.1:4867, CTRL+C to stop
Rack::Reloader: reloaded `/Users/voloko/code/uki/uki.rb'
!! Unexpected error while processing request: No such file or directory - ./views/functional/index.html.haml
!! Unexpected error while processing request: No such file or directory - ./views/functional/index.haml
!! Unexpected error while processing request: No such file or directory - ./views/functional/index.haml
!! Unexpected error while processing request: No such file or directory - ./views/functional/index.haml
!! Unexpected error while processing request: No such file or directory - ./views/functional/index.haml
Rack::Reloader: reloaded `/Users/voloko/code/uki/uki.rb'
!! Unexpected error while processing request: No such file or directory - ./views/functional/index.haml
!! Unexpected error while processing request: No such file or directory - ./views/functional/index.haml
!! Unexpected error while processing request: No such file or directory - ./views/functional/index.haml
>> Exiting!
>> Writing PID to thin.4867.pid
>> Thin web server (v1.2.2 codename I Find Your Lack of Sauce Disturbing)
>> Maximum connections set to 1024
>> Listening on 127.0.0.1:4867, CTRL+C to stop
!! Unexpected error while processing request: No such file or directory - ./views/functional/index.haml
!! Unexpected error while processing request: No such file or directory - ./views/functional/index.haml
Rack::Reloader: reloaded `/Users/voloko/code/uki/uki.rb'
!! Unexpected error while processing request: No such file or directory - ./views/functional/layout1.haml
!! Unexpected error while processing request: No such file or directory - ./views/functional/layout1.haml
!! Unexpected error while processing request: No such file or directory - ./views/functional/layout1.haml
Rack::Reloader: reloaded `/Users/voloko/code/uki/uki.rb'
!! Unexpected error while processing request: No such file or directory - ./views/functional/layout1.haml
!! Unexpected error while processing request: No such file or directory - ./views/functional/layout1.haml
!! Unexpected error while processing request: No such file or directory - ./views/functional/layout1.haml
!! Unexpected error while processing request: No such file or directory - ./views/functional/layout1.haml
Rack::Reloader: reloaded `/Users/voloko/code/uki/uki.rb'
!! Unexpected error while processing request: No such file or directory - ./views/functional/layout1.haml
!! Unexpected error while processing request: No such file or directory - ./views/functional/layout1.haml
!! Unexpected error while processing request: Illegal nesting: nesting within plain text is illegal.
!! Unexpected error while processing request: Illegal nesting: nesting within plain text is illegal.
!! Unexpected error while processing request: Illegal nesting: nesting within plain text is illegal.
!! Unexpected error while processing request: Illegal nesting: nesting within plain text is illegal.
!! Unexpected error while processing request: Illegal nesting: nesting within plain text is illegal.
!! Unexpected error while processing request: Illegal nesting: nesting within plain text is illegal.
!! Unexpected error while processing request: Illegal nesting: nesting within plain text is illegal.
Rack::Reloader: reloaded `/Users/voloko/code/uki/uki.rb'
Rack::Reloader: reloaded `/Users/voloko/code/uki/uki.rb'
>> Waiting for 1 connection(s) to finish, can take up to 30 sec, CTRL+C to stop now
>> Writing PID to thin.4867.pid
>> Thin web server (v1.2.2 codename I Find Your Lack of Sauce Disturbing)
>> Maximum connections set to 1024
>> Listening on 127.0.0.1:4867, CTRL+C to stop
>> Exiting!
>> Writing PID to thin.4867.pid
>> Thin web server (v1.2.2 codename I Find Your Lack of Sauce Disturbing)
>> Maximum connections set to 1024
>> Listening on 0.0.0.0:4867, CTRL+C to stop
